#
# There is insufficient memory for the Java Runtime Environment to continue.
# Native memory allocation (malloc) failed to allocate 84934656 bytes for committing reserved memory.
# Possible reasons:
#   The system is out of physical RAM or swap space
#   In 32 bit mode, the process size limit was hit
# Possible solutions:
#   Reduce memory load on the system
#   Increase physical memory or swap space
#   Check if swap backing store is full
#   Use 64 bit Java on a 64 bit OS
#   Decrease Java heap size (-Xmx/-Xms)
#   Decrease number of Java threads
#   Decrease Java thread stack sizes (-Xss)
#   Set larger code cache with -XX:ReservedCodeCacheSize=
# This output file may be truncated or incomplete.
#
#  Out of Memory Error (os_linux.cpp:2827), pid=11822, tid=140507514205952
#
# JRE version: OpenJDK Runtime Environment (7.0_95) (build 1.7.0_95-b00)
# Java VM: OpenJDK 64-Bit Server VM (24.95-b01 mixed mode linux-amd64 compressed oops)
# Derivative: IcedTea 2.6.4
# Distribution: Ubuntu 14.04 LTS, package 7u95-2.6.4-0ubuntu0.14.04.2
# Failed to write core dump. Core dumps have been disabled. To enable core dumping, try "ulimit -c unlimited" before starting Java again
#

---------------  T H R E A D  ---------------

Current thread (0x00007fca70076000):  VMThread [stack: 0x00007fca7468f000,0x00007fca74790000] [id=11831]

Stack: [0x00007fca7468f000,0x00007fca74790000],  sp=0x00007fca7478e490,  free space=1021k
Native frames: (J=compiled Java code, j=interpreted, Vv=VM code, C=native code)
V  [libjvm.so+0x953e15]
V  [libjvm.so+0x48fd94]
V  [libjvm.so+0x7cf87b]
V  [libjvm.so+0x7ca33f]
V  [libjvm.so+0x83dacb]
V  [libjvm.so+0x83e930]
V  [libjvm.so+0x83f01b]
V  [libjvm.so+0x83b258]
V  [libjvm.so+0x83bac8]
V  [libjvm.so+0x7f2083]
V  [libjvm.so+0x955814]
V  [libjvm.so+0x959917]
V  [libjvm.so+0x9583d8]
V  [libjvm.so+0x958839]
V  [libjvm.so+0x958c82]
V  [libjvm.so+0x7cc742]

VM_Operation (0x00007fca79955c50): ParallelGCFailedAllocation, mode: safepoint, requested by thread 0x00007fca7000a800


---------------  P R O C E S S  ---------------

Java Threads: ( => current thread )
  0x00007fca700af800 JavaThread "Service Thread" daemon [_thread_blocked, id=11837, stack(0x00007fca74089000,0x00007fca7418a000)]
  0x00007fca700ad000 JavaThread "C2 CompilerThread1" daemon [_thread_blocked, id=11836, stack(0x00007fca7418a000,0x00007fca7428b000)]
  0x00007fca700aa000 JavaThread "C2 CompilerThread0" daemon [_thread_blocked, id=11835, stack(0x00007fca7428b000,0x00007fca7438c000)]
  0x00007fca700a8000 JavaThread "Signal Dispatcher" daemon [_thread_blocked, id=11834, stack(0x00007fca7438c000,0x00007fca7448d000)]
  0x00007fca7007c000 JavaThread "Finalizer" daemon [_thread_blocked, id=11833, stack(0x00007fca7448d000,0x00007fca7458e000)]
  0x00007fca7007a000 JavaThread "Reference Handler" daemon [_thread_blocked, id=11832, stack(0x00007fca7458e000,0x00007fca7468f000)]
  0x00007fca7000a800 JavaThread "main" [_thread_blocked, id=11826, stack(0x00007fca79857000,0x00007fca79958000)]

Other Threads:
=>0x00007fca70076000 VMThread [stack: 0x00007fca7468f000,0x00007fca74790000] [id=11831]
  0x00007fca700ba000 WatcherThread [stack: 0x00007fca6c7dc000,0x00007fca6c8dd000] [id=11838]

VM state:at safepoint (normal execution)

VM Mutex/Monitor currently owned by a thread:  ([mutex/lock_event])
[0x00007fca700069d0] Threads_lock - owner thread: 0x00007fca70076000
[0x00007fca70006ed0] Heap_lock - owner thread: 0x00007fca7000a800

Heap
 PSYoungGen      total 133632K, used 17910K [0x00000000eaa80000, 0x00000000f4280000, 0x0000000100000000)
  eden space 115712K, 0% used [0x00000000eaa80000,0x00000000eaa80000,0x00000000f1b80000)
  from space 17920K, 99% used [0x00000000f1b80000,0x00000000f2cfd8f0,0x00000000f2d00000)
  to   space 13824K, 0% used [0x00000000f2d00000,0x00000000f2d00000,0x00000000f3a80000)
 ParOldGen       total 42496K, used 42359K [0x00000000c0000000, 0x00000000c2980000, 0x00000000eaa80000)
  object space 42496K, 99% used [0x00000000c0000000,0x00000000c295dc28,0x00000000c2980000)
 PSPermGen       total 21504K, used 6067K [0x00000000b5a00000, 0x00000000b6f00000, 0x00000000c0000000)
  object space 21504K, 28% used [0x00000000b5a00000,0x00000000b5fecf70,0x00000000b6f00000)

Card table byte_map: [0x00007fca76237000,0x00007fca7648b000] byte_map_base: 0x00007fca75c8a000

Polling page: 0x00007fca79974000

Code Cache  [0x00007fca6d000000, 0x00007fca6d320000, 0x00007fca70000000)
 total_blobs=978 nmethods=750 adapters=181 free_code_cache=46091Kb largest_free_block=47113856

Compilation events (10 events):
Event: 6.452 Thread 0x00007fca700ad000 nmethod 766 0x00007fca6d2ddc10 code [0x00007fca6d2ddd80, 0x00007fca6d2de038]
Event: 6.452 Thread 0x00007fca700ad000  767             com.android.dx.cf.code.OneLocalsArray::makeInitialized (55 bytes)
Event: 6.453 Thread 0x00007fca700aa000 nmethod 751 0x00007fca6d307150 code [0x00007fca6d3078c0, 0x00007fca6d30b638]
Event: 6.456 Thread 0x00007fca700ad000 nmethod 767 0x00007fca6d2dd650 code [0x00007fca6d2dd7c0, 0x00007fca6d2dda78]
Event: 6.468 Thread 0x00007fca700aa000  768             com.android.dx.ssa.BasicRegisterMapper::oldToNew (22 bytes)
Event: 6.469 Thread 0x00007fca700aa000 nmethod 768 0x00007fca6d2dbb90 code [0x00007fca6d2dbce0, 0x00007fca6d2dbd98]
Event: 6.480 Thread 0x00007fca700aa000  769   !         com.android.dx.cf.code.OneLocalsArray::set (106 bytes)
Event: 6.486 Thread 0x00007fca700aa000 nmethod 769 0x00007fca6d2dcd10 code [0x00007fca6d2dcec0, 0x00007fca6d2dd2d8]
Event: 6.493 Thread 0x00007fca700ad000  770             com.android.dx.dex.code.RopTranslator$LocalVariableAwareTranslationVisitor::visitPlainInsn (11 bytes)
Event: 6.493 Thread 0x00007fca700aa000  771             com.android.dx.dex.code.RopTranslator$TranslationVisitor::visitPlainInsn (161 bytes)

GC Heap History (10 events):
Event: 2.622 GC heap after
Heap after GC invocations=4 (full 0):
 PSYoungGen      total 33280K, used 2556K [0x00000000eaa80000, 0x00000000ecd80000, 0x0000000100000000)
  eden space 30720K, 0% used [0x00000000eaa80000,0x00000000eaa80000,0x00000000ec880000)
  from space 2560K, 99% used [0x00000000ecb00000,0x00000000ecd7f240,0x00000000ecd80000)
  to   space 2560K, 0% used [0x00000000ec880000,0x00000000ec880000,0x00000000ecb00000)
 ParOldGen       total 40960K, used 8928K [0x00000000c0000000, 0x00000000c2800000, 0x00000000eaa80000)
  object space 40960K, 21% used [0x00000000c0000000,0x00000000c08b8398,0x00000000c2800000)
 PSPermGen       total 21504K, used 5864K [0x00000000b5a00000, 0x00000000b6f00000, 0x00000000c0000000)
  object space 21504K, 27% used [0x00000000b5a00000,0x00000000b5fba0f0,0x00000000b6f00000)
}
Event: 3.553 GC heap before
{Heap before GC invocations=5 (full 0):
 PSYoungGen      total 33280K, used 33276K [0x00000000eaa80000, 0x00000000ecd80000, 0x0000000100000000)
  eden space 30720K, 100% used [0x00000000eaa80000,0x00000000ec880000,0x00000000ec880000)
  from space 2560K, 99% used [0x00000000ecb00000,0x00000000ecd7f240,0x00000000ecd80000)
  to   space 2560K, 0% used [0x00000000ec880000,0x00000000ec880000,0x00000000ecb00000)
 ParOldGen       total 40960K, used 8928K [0x00000000c0000000, 0x00000000c2800000, 0x00000000eaa80000)
  object space 40960K, 21% used [0x00000000c0000000,0x00000000c08b8398,0x00000000c2800000)
 PSPermGen       total 21504K, used 5899K [0x00000000b5a00000, 0x00000000b6f00000, 0x00000000c0000000)
  object space 21504K, 27% used [0x00000000b5a00000,0x00000000b5fc2f60,0x00000000b6f00000)
Event: 3.571 GC heap after
Heap after GC invocations=5 (full 0):
 PSYoungGen      total 33280K, used 2541K [0x00000000eaa80000, 0x00000000ef480000, 0x0000000100000000)
  eden space 30720K, 0% used [0x00000000eaa80000,0x00000000eaa80000,0x00000000ec880000)
  from space 2560K, 99% used [0x00000000ec880000,0x00000000ecafb670,0x00000000ecb00000)
  to   space 7168K, 0% used [0x00000000eed80000,0x00000000eed80000,0x00000000ef480000)
 ParOldGen       total 40960K, used 13950K [0x00000000c0000000, 0x00000000c2800000, 0x00000000eaa80000)
  object space 40960K, 34% used [0x00000000c0000000,0x00000000c0d9fb50,0x00000000c2800000)
 PSPermGen       total 21504K, used 5899K [0x00000000b5a00000, 0x00000000b6f00000, 0x00000000c0000000)
  object space 21504K, 27% used [0x00000000b5a00000,0x00000000b5fc2f60,0x00000000b6f00000)
}
Event: 4.088 GC heap before
{Heap before GC invocations=6 (full 0):
 PSYoungGen      total 33280K, used 33261K [0x00000000eaa80000, 0x00000000ef480000, 0x0000000100000000)
  eden space 30720K, 100% used [0x00000000eaa80000,0x00000000ec880000,0x00000000ec880000)
  from space 2560K, 99% used [0x00000000ec880000,0x00000000ecafb670,0x00000000ecb00000)
  to   space 7168K, 0% used [0x00000000eed80000,0x00000000eed80000,0x00000000ef480000)
 ParOldGen       total 40960K, used 13950K [0x00000000c0000000, 0x00000000c2800000, 0x00000000eaa80000)
  object space 40960K, 34% used [0x00000000c0000000,0x00000000c0d9fb50,0x00000000c2800000)
 PSPermGen       total 21504K, used 5921K [0x00000000b5a00000, 0x00000000b6f00000, 0x00000000c0000000)
  object space 21504K, 27% used [0x00000000b5a00000,0x00000000b5fc8628,0x00000000b6f00000)
Event: 4.104 GC heap after
Heap after GC invocations=6 (full 0):
 PSYoungGen      total 67072K, used 7141K [0x00000000eaa80000, 0x00000000ef780000, 0x0000000100000000)
  eden space 59904K, 0% used [0x00000000eaa80000,0x00000000eaa80000,0x00000000ee500000)
  from space 7168K, 99% used [0x00000000eed80000,0x00000000ef479458,0x00000000ef480000)
  to   space 8704K, 0% used [0x00000000ee500000,0x00000000ee500000,0x00000000eed80000)
 ParOldGen       total 40960K, used 15092K [0x00000000c0000000, 0x00000000c2800000, 0x00000000eaa80000)
  object space 40960K, 36% used [0x00000000c0000000,0x00000000c0ebd378,0x00000000c2800000)
 PSPermGen       total 21504K, used 5921K [0x00000000b5a00000, 0x00000000b6f00000, 0x00000000c0000000)
  object space 21504K, 27% used [0x00000000b5a00000,0x00000000b5fc8628,0x00000000b6f00000)
}
Event: 4.864 GC heap before
{Heap before GC invocations=7 (full 0):
 PSYoungGen      total 67072K, used 67045K [0x00000000eaa80000, 0x00000000ef780000, 0x0000000100000000)
  eden space 59904K, 100% used [0x00000000eaa80000,0x00000000ee500000,0x00000000ee500000)
  from space 7168K, 99% used [0x00000000eed80000,0x00000000ef479458,0x00000000ef480000)
  to   space 8704K, 0% used [0x00000000ee500000,0x00000000ee500000,0x00000000eed80000)
 ParOldGen       total 40960K, used 15092K [0x00000000c0000000, 0x00000000c2800000, 0x00000000eaa80000)
  object space 40960K, 36% used [0x00000000c0000000,0x00000000c0ebd378,0x00000000c2800000)
 PSPermGen       total 21504K, used 5959K [0x00000000b5a00000, 0x00000000b6f00000, 0x00000000c0000000)
  object space 21504K, 27% used [0x00000000b5a00000,0x00000000b5fd1c58,0x00000000b6f00000)
Event: 4.894 GC heap after
Heap after GC invocations=7 (full 0):
 PSYoungGen      total 68608K, used 8685K [0x00000000eaa80000, 0x00000000f3a80000, 0x0000000100000000)
  eden space 59904K, 0% used [0x00000000eaa80000,0x00000000eaa80000,0x00000000ee500000)
  from space 8704K, 99% used [0x00000000ee500000,0x00000000eed7b680,0x00000000eed80000)
  to   space 13824K, 0% used [0x00000000f2d00000,0x00000000f2d00000,0x00000000f3a80000)
 ParOldGen       total 40960K, used 23212K [0x00000000c0000000, 0x00000000c2800000, 0x00000000eaa80000)
  object space 40960K, 56% used [0x00000000c0000000,0x00000000c16ab110,0x00000000c2800000)
 PSPermGen       total 21504K, used 5959K [0x00000000b5a00000, 0x00000000b6f00000, 0x00000000c0000000)
  object space 21504K, 27% used [0x00000000b5a00000,0x00000000b5fd1c58,0x00000000b6f00000)
}
Event: 5.570 GC heap before
{Heap before GC invocations=8 (full 0):
 PSYoungGen      total 68608K, used 68589K [0x00000000eaa80000, 0x00000000f3a80000, 0x0000000100000000)
  eden space 59904K, 100% used [0x00000000eaa80000,0x00000000ee500000,0x00000000ee500000)
  from space 8704K, 99% used [0x00000000ee500000,0x00000000eed7b680,0x00000000eed80000)
  to   space 13824K, 0% used [0x00000000f2d00000,0x00000000f2d00000,0x00000000f3a80000)
 ParOldGen       total 40960K, used 23212K [0x00000000c0000000, 0x00000000c2800000, 0x00000000eaa80000)
  object space 40960K, 56% used [0x00000000c0000000,0x00000000c16ab110,0x00000000c2800000)
 PSPermGen       total 21504K, used 6006K [0x00000000b5a00000, 0x00000000b6f00000, 0x00000000c0000000)
  object space 21504K, 27% used [0x00000000b5a00000,0x00000000b5fdd820,0x00000000b6f00000)
Event: 5.605 GC heap after
Heap after GC invocations=8 (full 0):
 PSYoungGen      total 129536K, used 13824K [0x00000000eaa80000, 0x00000000f4280000, 0x0000000100000000)
  eden space 115712K, 0% used [0x00000000eaa80000,0x00000000eaa80000,0x00000000f1b80000)
  from space 13824K, 100% used [0x00000000f2d00000,0x00000000f3a80000,0x00000000f3a80000)
  to   space 17920K, 0% used [0x00000000f1b80000,0x00000000f1b80000,0x00000000f2d00000)
 ParOldGen       total 40960K, used 28384K [0x00000000c0000000, 0x00000000c2800000, 0x00000000eaa80000)
  object space 40960K, 69% used [0x00000000c0000000,0x00000000c1bb81c8,0x00000000c2800000)
 PSPermGen       total 21504K, used 6006K [0x00000000b5a00000, 0x00000000b6f00000, 0x00000000c0000000)
  object space 21504K, 27% used [0x00000000b5a00000,0x00000000b5fdd820,0x00000000b6f00000)
}
Event: 6.519 GC heap before
{Heap before GC invocations=9 (full 0):
 PSYoungGen      total 129536K, used 129536K [0x00000000eaa80000, 0x00000000f4280000, 0x0000000100000000)
  eden space 115712K, 100% used [0x00000000eaa80000,0x00000000f1b80000,0x00000000f1b80000)
  from space 13824K, 100% used [0x00000000f2d00000,0x00000000f3a80000,0x00000000f3a80000)
  to   space 17920K, 0% used [0x00000000f1b80000,0x00000000f1b80000,0x00000000f2d00000)
 ParOldGen       total 40960K, used 28384K [0x00000000c0000000, 0x00000000c2800000, 0x00000000eaa80000)
  object space 40960K, 69% used [0x00000000c0000000,0x00000000c1bb81c8,0x00000000c2800000)
 PSPermGen       total 21504K, used 6067K [0x00000000b5a00000, 0x00000000b6f00000, 0x00000000c0000000)
  object space 21504K, 28% used [0x00000000b5a00000,0x00000000b5fecf70,0x00000000b6f00000)

Deoptimization events (10 events):
Event: 6.022 Thread 0x00007fca7000a800 Uncommon trap: reason=bimorphic action=maybe_recompile pc=0x00007fca6d2c0eb0 method=com.android.dx.cf.code.BytecodeArray.parseInstruction(ILcom/android/dx/cf/code/BytecodeArray$Visitor;)I @ 971
Event: 6.023 Thread 0x00007fca7000a800 Uncommon trap: reason=bimorphic action=maybe_recompile pc=0x00007fca6d2c0eb0 method=com.android.dx.cf.code.BytecodeArray.parseInstruction(ILcom/android/dx/cf/code/BytecodeArray$Visitor;)I @ 971
Event: 6.023 Thread 0x00007fca7000a800 Uncommon trap: reason=bimorphic action=maybe_recompile pc=0x00007fca6d2c0eb0 method=com.android.dx.cf.code.BytecodeArray.parseInstruction(ILcom/android/dx/cf/code/BytecodeArray$Visitor;)I @ 971
Event: 6.023 Thread 0x00007fca7000a800 Uncommon trap: reason=class_check action=maybe_recompile pc=0x00007fca6d1e7308 method=com.android.dx.cf.code.RopperMachine.run(Lcom/android/dx/cf/code/Frame;II)V @ 310
Event: 6.023 Thread 0x00007fca7000a800 Uncommon trap: reason=class_check action=maybe_recompile pc=0x00007fca6d1e7308 method=com.android.dx.cf.code.RopperMachine.run(Lcom/android/dx/cf/code/Frame;II)V @ 310
Event: 6.023 Thread 0x00007fca7000a800 Uncommon trap: reason=class_check action=maybe_recompile pc=0x00007fca6d1e7308 method=com.android.dx.cf.code.RopperMachine.run(Lcom/android/dx/cf/code/Frame;II)V @ 310
Event: 6.177 Thread 0x00007fca7000a800 Uncommon trap: reason=class_check action=maybe_recompile pc=0x00007fca6d23c298 method=com.android.dx.cf.code.Ropper.processBlock(Lcom/android/dx/cf/code/ByteBlock;Lcom/android/dx/cf/code/Frame;[I)V @ 777
Event: 6.333 Thread 0x00007fca7000a800 Uncommon trap: reason=unstable_if action=reinterpret pc=0x00007fca6d1a3174 method=com.android.dx.ssa.InterferenceRegisterMapper.interferes(III)Z @ 69
Event: 6.333 Thread 0x00007fca7000a800 Uncommon trap: reason=unstable_if action=reinterpret pc=0x00007fca6d1a41b4 method=com.android.dx.ssa.InterferenceRegisterMapper.interferes(III)Z @ 69
Event: 6.333 Thread 0x00007fca7000a800 Uncommon trap: reason=unstable_if action=reinterpret pc=0x00007fca6d19e6dc method=com.android.dx.ssa.InterferenceRegisterMapper.interferes(III)Z @ 69

Internal exceptions (10 events):
Event: 3.437 Thread 0x00007fca7000a800 Threw 0x00000000ec57fc28 at /build/openjdk-7-HVzwJZ/openjdk-7-7u95-2.6.4/build/openjdk/hotspot/src/share/vm/prims/jvm.cpp:1322
Event: 3.911 Thread 0x00007fca7000a800 Implicit null exception at 0x00007fca6d1e02af to 0x00007fca6d1e0995
Event: 5.166 Thread 0x00007fca7000a800 Threw 0x00000000ec0ca048 at /build/openjdk-7-HVzwJZ/openjdk-7-7u95-2.6.4/build/openjdk/hotspot/src/share/vm/prims/jvm.cpp:1322
Event: 5.167 Thread 0x00007fca7000a800 Threw 0x00000000ec0cceb0 at /build/openjdk-7-HVzwJZ/openjdk-7-7u95-2.6.4/build/openjdk/hotspot/src/share/vm/prims/jvm.cpp:1322
Event: 5.171 Thread 0x00007fca7000a800 Threw 0x00000000ec0eca80 at /build/openjdk-7-HVzwJZ/openjdk-7-7u95-2.6.4/build/openjdk/hotspot/src/share/vm/prims/jvm.cpp:1322
Event: 5.172 Thread 0x00007fca7000a800 Threw 0x00000000ec0f2ad8 at /build/openjdk-7-HVzwJZ/openjdk-7-7u95-2.6.4/build/openjdk/hotspot/src/share/vm/prims/jvm.cpp:1322
Event: 5.173 Thread 0x00007fca7000a800 Threw 0x00000000ec0f89f0 at /build/openjdk-7-HVzwJZ/openjdk-7-7u95-2.6.4/build/openjdk/hotspot/src/share/vm/prims/jvm.cpp:1322
Event: 5.186 Thread 0x00007fca7000a800 Threw 0x00000000ec1b6940 at /build/openjdk-7-HVzwJZ/openjdk-7-7u95-2.6.4/build/openjdk/hotspot/src/share/vm/prims/jvm.cpp:1322
Event: 5.483 Thread 0x00007fca7000a800 Implicit null exception at 0x00007fca6d28b265 to 0x00007fca6d28bd9d
Event: 6.103 Thread 0x00007fca7000a800 Threw 0x00000000eeab1588 at /build/openjdk-7-HVzwJZ/openjdk-7-7u95-2.6.4/build/openjdk/hotspot/src/share/vm/prims/jvm.cpp:1322

Events (10 events):
Event: 6.333 Thread 0x00007fca7000a800 Uncommon trap: trap_request=0xffffff75 fr.pc=0x00007fca6d1a3174
Event: 6.333 Thread 0x00007fca7000a800 DEOPT PACKING pc=0x00007fca6d1a3174 sp=0x00007fca79955df0
Event: 6.333 Thread 0x00007fca7000a800 DEOPT UNPACKING pc=0x00007fca6d039445 sp=0x00007fca79955cc8 mode 2
Event: 6.333 Thread 0x00007fca7000a800 Uncommon trap: trap_request=0xffffff75 fr.pc=0x00007fca6d1a41b4
Event: 6.333 Thread 0x00007fca7000a800 DEOPT PACKING pc=0x00007fca6d1a41b4 sp=0x00007fca79955d60
Event: 6.333 Thread 0x00007fca7000a800 DEOPT UNPACKING pc=0x00007fca6d039445 sp=0x00007fca79955cc0 mode 2
Event: 6.333 Thread 0x00007fca7000a800 Uncommon trap: trap_request=0xffffff75 fr.pc=0x00007fca6d19e6dc
Event: 6.333 Thread 0x00007fca7000a800 DEOPT PACKING pc=0x00007fca6d19e6dc sp=0x00007fca79955cf0
Event: 6.333 Thread 0x00007fca7000a800 DEOPT UNPACKING pc=0x00007fca6d039445 sp=0x00007fca79955cc0 mode 2
Event: 6.519 Executing VM operation: ParallelGCFailedAllocation


Dynamic libraries:
00400000-00401000 r-xp 00000000 08:01 5508137                            /usr/lib/jvm/java-7-openjdk-amd64/jre/bin/java
00600000-00601000 r--p 00000000 08:01 5508137                            /usr/lib/jvm/java-7-openjdk-amd64/jre/bin/java
00601000-00602000 rw-p 00001000 08:01 5508137                            /usr/lib/jvm/java-7-openjdk-amd64/jre/bin/java
012ec000-0130d000 rw-p 00000000 00:00 0                                  [heap]
b5a00000-b6f00000 rw-p 00000000 00:00 0 
b6f00000-c0000000 rw-p 00000000 00:00 0 
c0000000-c2980000 rw-p 00000000 00:00 0 
c2980000-eaa80000 rw-p 00000000 00:00 0 
eaa80000-f4280000 rw-p 00000000 00:00 0 
f9380000-100000000 rw-p 00000000 00:00 0 
7fca38000000-7fca38021000 rw-p 00000000 00:00 0 
7fca38021000-7fca3c000000 ---p 00000000 00:00 0 
7fca3c000000-7fca3c021000 rw-p 00000000 00:00 0 
7fca3c021000-7fca40000000 ---p 00000000 00:00 0 
7fca40000000-7fca41718000 rw-p 00000000 00:00 0 
7fca41718000-7fca44000000 ---p 00000000 00:00 0 
7fca44000000-7fca45153000 rw-p 00000000 00:00 0 
7fca45153000-7fca48000000 ---p 00000000 00:00 0 
7fca48000000-7fca48021000 rw-p 00000000 00:00 0 
7fca48021000-7fca4c000000 ---p 00000000 00:00 0 
7fca4c000000-7fca4c021000 rw-p 00000000 00:00 0 
7fca4c021000-7fca50000000 ---p 00000000 00:00 0 
7fca50000000-7fca50021000 rw-p 00000000 00:00 0 
7fca50021000-7fca54000000 ---p 00000000 00:00 0 
7fca54000000-7fca54021000 rw-p 00000000 00:00 0 
7fca54021000-7fca58000000 ---p 00000000 00:00 0 
7fca58000000-7fca58021000 rw-p 00000000 00:00 0 
7fca58021000-7fca5c000000 ---p 00000000 00:00 0 
7fca5c000000-7fca5c021000 rw-p 00000000 00:00 0 
7fca5c021000-7fca60000000 ---p 00000000 00:00 0 
7fca60000000-7fca60021000 rw-p 00000000 00:00 0 
7fca60021000-7fca64000000 ---p 00000000 00:00 0 
7fca649cd000-7fca64a0a000 r-xp 00000000 08:01 790495                     /lib/x86_64-linux-gnu/libpcre.so.3.13.1
7fca64a0a000-7fca64c09000 ---p 0003d000 08:01 790495                     /lib/x86_64-linux-gnu/libpcre.so.3.13.1
7fca64c09000-7fca64c0a000 r--p 0003c000 08:01 790495                     /lib/x86_64-linux-gnu/libpcre.so.3.13.1
7fca64c0a000-7fca64c0b000 rw-p 0003d000 08:01 790495                     /lib/x86_64-linux-gnu/libpcre.so.3.13.1
7fca64c0b000-7fca64c12000 r-xp 00000000 08:01 4726848                    /usr/lib/x86_64-linux-gnu/libffi.so.6.0.1
7fca64c12000-7fca64e11000 ---p 00007000 08:01 4726848                    /usr/lib/x86_64-linux-gnu/libffi.so.6.0.1
7fca64e11000-7fca64e12000 r--p 00006000 08:01 4726848                    /usr/lib/x86_64-linux-gnu/libffi.so.6.0.1
7fca64e12000-7fca64e13000 rw-p 00007000 08:01 4726848                    /usr/lib/x86_64-linux-gnu/libffi.so.6.0.1
7fca64e13000-7fca64e2a000 r-xp 00000000 08:01 786614                     /lib/x86_64-linux-gnu/libresolv-2.19.so
7fca64e2a000-7fca6502a000 ---p 00017000 08:01 786614                     /lib/x86_64-linux-gnu/libresolv-2.19.so
7fca6502a000-7fca6502b000 r--p 00017000 08:01 786614                     /lib/x86_64-linux-gnu/libresolv-2.19.so
7fca6502b000-7fca6502c000 rw-p 00018000 08:01 786614                     /lib/x86_64-linux-gnu/libresolv-2.19.so
7fca6502c000-7fca6502e000 rw-p 00000000 00:00 0 
7fca6502e000-7fca6504e000 r-xp 00000000 08:01 790522                     /lib/x86_64-linux-gnu/libselinux.so.1
7fca6504e000-7fca6524d000 ---p 00020000 08:01 790522                     /lib/x86_64-linux-gnu/libselinux.so.1
7fca6524d000-7fca6524e000 r--p 0001f000 08:01 790522                     /lib/x86_64-linux-gnu/libselinux.so.1
7fca6524e000-7fca6524f000 rw-p 00020000 08:01 790522                     /lib/x86_64-linux-gnu/libselinux.so.1
7fca6524f000-7fca65251000 rw-p 00000000 00:00 0 
7fca65251000-7fca65254000 r-xp 00000000 08:01 4726965                    /usr/lib/x86_64-linux-gnu/libgmodule-2.0.so.0.4000.0
7fca65254000-7fca65453000 ---p 00003000 08:01 4726965                    /usr/lib/x86_64-linux-gnu/libgmodule-2.0.so.0.4000.0
7fca65453000-7fca65454000 r--p 00002000 08:01 4726965                    /usr/lib/x86_64-linux-gnu/libgmodule-2.0.so.0.4000.0
7fca65454000-7fca65455000 rw-p 00003000 08:01 4726965                    /usr/lib/x86_64-linux-gnu/libgmodule-2.0.so.0.4000.0
7fca65455000-7fca6555b000 r-xp 00000000 08:01 790423                     /lib/x86_64-linux-gnu/libglib-2.0.so.0.4000.0
7fca6555b000-7fca6575a000 ---p 00106000 08:01 790423                     /lib/x86_64-linux-gnu/libglib-2.0.so.0.4000.0
7fca6575a000-7fca6575b000 r--p 00105000 08:01 790423                     /lib/x86_64-linux-gnu/libglib-2.0.so.0.4000.0
7fca6575b000-7fca6575c000 rw-p 00106000 08:01 790423                     /lib/x86_64-linux-gnu/libglib-2.0.so.0.4000.0
7fca6575c000-7fca6575d000 rw-p 00000000 00:00 0 
7fca6575d000-7fca658c8000 r-xp 00000000 08:01 4726951                    /usr/lib/x86_64-linux-gnu/libgio-2.0.so.0.4000.0
7fca658c8000-7fca65ac8000 ---p 0016b000 08:01 4726951                    /usr/lib/x86_64-linux-gnu/libgio-2.0.so.0.4000.0
7fca65ac8000-7fca65acc000 r--p 0016b000 08:01 4726951                    /usr/lib/x86_64-linux-gnu/libgio-2.0.so.0.4000.0
7fca65acc000-7fca65ace000 rw-p 0016f000 08:01 4726951                    /usr/lib/x86_64-linux-gnu/libgio-2.0.so.0.4000.0
7fca65ace000-7fca68000000 rw-p 00000000 00:00 0 
7fca68000000-7fca68021000 rw-p 00000000 00:00 0 
7fca68021000-7fca6c000000 ---p 00000000 00:00 0 
7fca6c0d5000-7fca6c124000 r-xp 00000000 08:01 4726981                    /usr/lib/x86_64-linux-gnu/libgobject-2.0.so.0.4000.0
7fca6c124000-7fca6c324000 ---p 0004f000 08:01 4726981                    /usr/lib/x86_64-linux-gnu/libgobject-2.0.so.0.4000.0
7fca6c324000-7fca6c325000 r--p 0004f000 08:01 4726981                    /usr/lib/x86_64-linux-gnu/libgobject-2.0.so.0.4000.0
7fca6c325000-7fca6c326000 rw-p 00050000 08:01 4726981                    /usr/lib/x86_64-linux-gnu/libgobject-2.0.so.0.4000.0
7fca6c326000-7fca6c33d000 r-xp 00000000 08:01 5917886                    /usr/lib/jvm/java-7-openjdk-amd64/jre/lib/amd64/libnet.so
7fca6c33d000-7fca6c53c000 ---p 00017000 08:01 5917886                    /usr/lib/jvm/java-7-openjdk-amd64/jre/lib/amd64/libnet.so
7fca6c53c000-7fca6c53d000 r--p 00016000 08:01 5917886                    /usr/lib/jvm/java-7-openjdk-amd64/jre/lib/amd64/libnet.so
7fca6c53d000-7fca6c53e000 rw-p 00017000 08:01 5917886                    /usr/lib/jvm/java-7-openjdk-amd64/jre/lib/amd64/libnet.so
7fca6c53e000-7fca6c54e000 r-xp 00000000 08:01 5917910                    /usr/lib/jvm/java-7-openjdk-amd64/jre/lib/amd64/libnio.so
7fca6c54e000-7fca6c74e000 ---p 00010000 08:01 5917910                    /usr/lib/jvm/java-7-openjdk-amd64/jre/lib/amd64/libnio.so
7fca6c74e000-7fca6c74f000 r--p 00010000 08:01 5917910                    /usr/lib/jvm/java-7-openjdk-amd64/jre/lib/amd64/libnio.so
7fca6c74f000-7fca6c750000 rw-p 00011000 08:01 5917910                    /usr/lib/jvm/java-7-openjdk-amd64/jre/lib/amd64/libnio.so
7fca6c750000-7fca6c7dc000 r--s 00775000 08:01 10226802                   /home/raihan/OpenSrpWorkSpace/opensrp-client/opensrp-mcare/build/intermediates/multi-dex/debug/allclasses.jar
7fca6c7dc000-7fca6c7dd000 ---p 00000000 00:00 0 
7fca6c7dd000-7fca6c8dd000 rw-p 00000000 00:00 0                          [stack:11838]
7fca6c8dd000-7fca6d000000 r--p 00000000 08:01 4725570                    /usr/lib/locale/locale-archive
7fca6d000000-7fca6d320000 rwxp 00000000 00:00 0 
7fca6d320000-7fca70274000 rw-p 00000000 00:00 0 
7fca70274000-7fca74000000 ---p 00000000 00:00 0 
7fca74031000-7fca74062000 rw-p 00000000 00:00 0 
7fca7407a000-7fca74089000 r--s 000dd000 08:01 6177003                    /home/raihan/android-sdk-linux/build-tools/21.1.2/lib/dx.jar
7fca74089000-7fca7408c000 ---p 00000000 00:00 0 
7fca7408c000-7fca7418a000 rw-p 00000000 00:00 0                          [stack:11837]
7fca7418a000-7fca7418d000 ---p 00000000 00:00 0 
7fca7418d000-7fca7428b000 rw-p 00000000 00:00 0                          [stack:11836]
7fca7428b000-7fca7428e000 ---p 00000000 00:00 0 
7fca7428e000-7fca7438c000 rw-p 00000000 00:00 0                          [stack:11835]
7fca7438c000-7fca7438f000 ---p 00000000 00:00 0 
7fca7438f000-7fca7448d000 rw-p 00000000 00:00 0                          [stack:11834]
7fca7448d000-7fca74490000 ---p 00000000 00:00 0 
7fca74490000-7fca7458e000 rw-p 00000000 00:00 0                          [stack:11833]
7fca7458e000-7fca74591000 ---p 00000000 00:00 0 
7fca74591000-7fca7468f000 rw-p 00000000 00:00 0                          [stack:11832]
7fca7468f000-7fca74690000 ---p 00000000 00:00 0 
7fca74690000-7fca7578d000 rw-p 00000000 00:00 0                          [stack:11831]
7fca7578d000-7fca7593e000 r--s 01d30000 08:01 5508152                    /usr/lib/jvm/java-7-openjdk-amd64/jre/lib/rt.jar
7fca7593e000-7fca75c8a000 rw-p 00000000 00:00 0 
7fca75c8a000-7fca75c8b000 ---p 00000000 00:00 0 
7fca75c8b000-7fca75d8b000 rw-p 00000000 00:00 0                          [stack:11830]
7fca75d8b000-7fca75d8c000 ---p 00000000 00:00 0 
7fca75d8c000-7fca75e8c000 rw-p 00000000 00:00 0                          [stack:11829]
7fca75e8c000-7fca75e8d000 ---p 00000000 00:00 0 
7fca75e8d000-7fca75f8d000 rw-p 00000000 00:00 0                          [stack:11828]
7fca75f8d000-7fca75f8e000 ---p 00000000 00:00 0 
7fca75f8e000-7fca76099000 rw-p 00000000 00:00 0                          [stack:11827]
7fca76099000-7fca760e1000 rw-p 00000000 00:00 0 
7fca760e1000-7fca760f6000 rw-p 00000000 00:00 0 
7fca760f6000-7fca76237000 rw-p 00000000 00:00 0 
7fca76237000-7fca76242000 rw-p 00000000 00:00 0 
7fca76242000-7fca7628a000 rw-p 00000000 00:00 0 
7fca7628a000-7fca7629f000 rw-p 00000000 00:00 0 
7fca7629f000-7fca763df000 rw-p 00000000 00:00 0 
7fca763df000-7fca7642c000 rw-p 00000000 00:00 0 
7fca7642c000-7fca7648a000 rw-p 00000000 00:00 0 
7fca7648a000-7fca7648b000 rw-p 00000000 00:00 0 
7fca7648b000-7fca76493000 r-xp 00000000 08:01 5917892                    /usr/lib/jvm/java-7-openjdk-amd64/jre/lib/amd64/libzip.so
7fca76493000-7fca76692000 ---p 00008000 08:01 5917892                    /usr/lib/jvm/java-7-openjdk-amd64/jre/lib/amd64/libzip.so
7fca76692000-7fca76693000 r--p 00007000 08:01 5917892                    /usr/lib/jvm/java-7-openjdk-amd64/jre/lib/amd64/libzip.so
7fca76693000-7fca76694000 rw-p 00008000 08:01 5917892                    /usr/lib/jvm/java-7-openjdk-amd64/jre/lib/amd64/libzip.so
7fca76694000-7fca7669f000 r-xp 00000000 08:01 786646                     /lib/x86_64-linux-gnu/libnss_files-2.19.so
7fca7669f000-7fca7689e000 ---p 0000b000 08:01 786646                     /lib/x86_64-linux-gnu/libnss_files-2.19.so
7fca7689e000-7fca7689f000 r--p 0000a000 08:01 786646                     /lib/x86_64-linux-gnu/libnss_files-2.19.so
7fca7689f000-7fca768a0000 rw-p 0000b000 08:01 786646                     /lib/x86_64-linux-gnu/libnss_files-2.19.so
7fca768a0000-7fca768ab000 r-xp 00000000 08:01 786638                     /lib/x86_64-linux-gnu/libnss_nis-2.19.so
7fca768ab000-7fca76aaa000 ---p 0000b000 08:01 786638                     /lib/x86_64-linux-gnu/libnss_nis-2.19.so
7fca76aaa000-7fca76aab000 r--p 0000a000 08:01 786638                     /lib/x86_64-linux-gnu/libnss_nis-2.19.so
7fca76aab000-7fca76aac000 rw-p 0000b000 08:01 786638                     /lib/x86_64-linux-gnu/libnss_nis-2.19.so
7fca76aac000-7fca76ac3000 r-xp 00000000 08:01 786634                     /lib/x86_64-linux-gnu/libnsl-2.19.so
7fca76ac3000-7fca76cc2000 ---p 00017000 08:01 786634                     /lib/x86_64-linux-gnu/libnsl-2.19.so
7fca76cc2000-7fca76cc3000 r--p 00016000 08:01 786634                     /lib/x86_64-linux-gnu/libnsl-2.19.so
7fca76cc3000-7fca76cc4000 rw-p 00017000 08:01 786634                     /lib/x86_64-linux-gnu/libnsl-2.19.so
7fca76cc4000-7fca76cc6000 rw-p 00000000 00:00 0 
7fca76cc6000-7fca76ccf000 r-xp 00000000 08:01 786633                     /lib/x86_64-linux-gnu/libnss_compat-2.19.so
7fca76ccf000-7fca76ece000 ---p 00009000 08:01 786633                     /lib/x86_64-linux-gnu/libnss_compat-2.19.so
7fca76ece000-7fca76ecf000 r--p 00008000 08:01 786633                     /lib/x86_64-linux-gnu/libnss_compat-2.19.so
7fca76ecf000-7fca76ed0000 rw-p 00009000 08:01 786633                     /lib/x86_64-linux-gnu/libnss_compat-2.19.so
7fca76ed0000-7fca76efb000 r-xp 00000000 08:01 5917877                    /usr/lib/jvm/java-7-openjdk-amd64/jre/lib/amd64/libjava.so
7fca76efb000-7fca770fb000 ---p 0002b000 08:01 5917877                    /usr/lib/jvm/java-7-openjdk-amd64/jre/lib/amd64/libjava.so
7fca770fb000-7fca770fc000 r--p 0002b000 08:01 5917877                    /usr/lib/jvm/java-7-openjdk-amd64/jre/lib/amd64/libjava.so
7fca770fc000-7fca770fe000 rw-p 0002c000 08:01 5917877                    /usr/lib/jvm/java-7-openjdk-amd64/jre/lib/amd64/libjava.so
7fca770fe000-7fca7710e000 r-xp 00000000 08:01 5917878                    /usr/lib/jvm/java-7-openjdk-amd64/jre/lib/amd64/libverify.so
7fca7710e000-7fca7730d000 ---p 00010000 08:01 5917878                    /usr/lib/jvm/java-7-openjdk-amd64/jre/lib/amd64/libverify.so
7fca7730d000-7fca7730f000 r--p 0000f000 08:01 5917878                    /usr/lib/jvm/java-7-openjdk-amd64/jre/lib/amd64/libverify.so
7fca7730f000-7fca77310000 rw-p 00011000 08:01 5917878                    /usr/lib/jvm/java-7-openjdk-amd64/jre/lib/amd64/libverify.so
7fca77310000-7fca77317000 r-xp 00000000 08:01 786642                     /lib/x86_64-linux-gnu/librt-2.19.so
7fca77317000-7fca77516000 ---p 00007000 08:01 786642                     /lib/x86_64-linux-gnu/librt-2.19.so
7fca77516000-7fca77517000 r--p 00006000 08:01 786642                     /lib/x86_64-linux-gnu/librt-2.19.so
7fca77517000-7fca77518000 rw-p 00007000 08:01 786642                     /lib/x86_64-linux-gnu/librt-2.19.so
7fca77518000-7fca7752e000 r-xp 00000000 08:01 786612                     /lib/x86_64-linux-gnu/libgcc_s.so.1
7fca7752e000-7fca7772d000 ---p 00016000 08:01 786612                     /lib/x86_64-linux-gnu/libgcc_s.so.1
7fca7772d000-7fca7772e000 rw-p 00015000 08:01 786612                     /lib/x86_64-linux-gnu/libgcc_s.so.1
7fca7772e000-7fca77833000 r-xp 00000000 08:01 786618                     /lib/x86_64-linux-gnu/libm-2.19.so
7fca77833000-7fca77a32000 ---p 00105000 08:01 786618                     /lib/x86_64-linux-gnu/libm-2.19.so
7fca77a32000-7fca77a33000 r--p 00104000 08:01 786618                     /lib/x86_64-linux-gnu/libm-2.19.so
7fca77a33000-7fca77a34000 rw-p 00105000 08:01 786618                     /lib/x86_64-linux-gnu/libm-2.19.so
7fca77a34000-7fca77b1a000 r-xp 00000000 08:01 4721335                    /usr/lib/x86_64-linux-gnu/libstdc++.so.6.0.19
7fca77b1a000-7fca77d19000 ---p 000e6000 08:01 4721335                    /usr/lib/x86_64-linux-gnu/libstdc++.so.6.0.19
7fca77d19000-7fca77d21000 r--p 000e5000 08:01 4721335                    /usr/lib/x86_64-linux-gnu/libstdc++.so.6.0.19
7fca77d21000-7fca77d23000 rw-p 000ed000 08:01 4721335                    /usr/lib/x86_64-linux-gnu/libstdc++.so.6.0.19
7fca77d23000-7fca77d38000 rw-p 00000000 00:00 0 
7fca77d38000-7fca7885c000 r-xp 00000000 08:01 5917890                    /usr/lib/jvm/java-7-openjdk-amd64/jre/lib/amd64/server/libjvm.so
7fca7885c000-7fca78a5c000 ---p 00b24000 08:01 5917890                    /usr/lib/jvm/java-7-openjdk-amd64/jre/lib/amd64/server/libjvm.so
7fca78a5c000-7fca78af6000 r--p 00b24000 08:01 5917890                    /usr/lib/jvm/java-7-openjdk-amd64/jre/lib/amd64/server/libjvm.so
7fca78af6000-7fca78b19000 rw-p 00bbe000 08:01 5917890                    /usr/lib/jvm/java-7-openjdk-amd64/jre/lib/amd64/server/libjvm.so
7fca78b19000-7fca78b47000 rw-p 00000000 00:00 0 
7fca78b47000-7fca78b5f000 r-xp 00000000 08:01 790555                     /lib/x86_64-linux-gnu/libz.so.1.2.8
7fca78b5f000-7fca78d5e000 ---p 00018000 08:01 790555                     /lib/x86_64-linux-gnu/libz.so.1.2.8
7fca78d5e000-7fca78d5f000 r--p 00017000 08:01 790555                     /lib/x86_64-linux-gnu/libz.so.1.2.8
7fca78d5f000-7fca78d60000 rw-p 00018000 08:01 790555                     /lib/x86_64-linux-gnu/libz.so.1.2.8
7fca78d60000-7fca78d79000 r-xp 00000000 08:01 786635                     /lib/x86_64-linux-gnu/libpthread-2.19.so
7fca78d79000-7fca78f78000 ---p 00019000 08:01 786635                     /lib/x86_64-linux-gnu/libpthread-2.19.so
7fca78f78000-7fca78f79000 r--p 00018000 08:01 786635                     /lib/x86_64-linux-gnu/libpthread-2.19.so
7fca78f79000-7fca78f7a000 rw-p 00019000 08:01 786635                     /lib/x86_64-linux-gnu/libpthread-2.19.so
7fca78f7a000-7fca78f7e000 rw-p 00000000 00:00 0 
7fca78f7e000-7fca78f81000 r-xp 00000000 08:01 786630                     /lib/x86_64-linux-gnu/libdl-2.19.so
7fca78f81000-7fca79180000 ---p 00003000 08:01 786630                     /lib/x86_64-linux-gnu/libdl-2.19.so
7fca79180000-7fca79181000 r--p 00002000 08:01 786630                     /lib/x86_64-linux-gnu/libdl-2.19.so
7fca79181000-7fca79182000 rw-p 00003000 08:01 786630                     /lib/x86_64-linux-gnu/libdl-2.19.so
7fca79182000-7fca7933d000 r-xp 00000000 08:01 786643                     /lib/x86_64-linux-gnu/libc-2.19.so
7fca7933d000-7fca7953c000 ---p 001bb000 08:01 786643                     /lib/x86_64-linux-gnu/libc-2.19.so
7fca7953c000-7fca79540000 r--p 001ba000 08:01 786643                     /lib/x86_64-linux-gnu/libc-2.19.so
7fca79540000-7fca79542000 rw-p 001be000 08:01 786643                     /lib/x86_64-linux-gnu/libc-2.19.so
7fca79542000-7fca79547000 rw-p 00000000 00:00 0 
7fca79547000-7fca79554000 r-xp 00000000 08:01 5917907                    /usr/lib/jvm/java-7-openjdk-amd64/jre/lib/amd64/jli/libjli.so
7fca79554000-7fca79753000 ---p 0000d000 08:01 5917907                    /usr/lib/jvm/java-7-openjdk-amd64/jre/lib/amd64/jli/libjli.so
7fca79753000-7fca79754000 r--p 0000c000 08:01 5917907                    /usr/lib/jvm/java-7-openjdk-amd64/jre/lib/amd64/jli/libjli.so
7fca79754000-7fca79755000 rw-p 0000d000 08:01 5917907                    /usr/lib/jvm/java-7-openjdk-amd64/jre/lib/amd64/jli/libjli.so
7fca79755000-7fca79778000 r-xp 00000000 08:01 786636                     /lib/x86_64-linux-gnu/ld-2.19.so
7fca79778000-7fca7977b000 r--s 0000f000 08:01 5917931                    /usr/lib/jvm/java-7-openjdk-amd64/jre/lib/ext/icedtea-sound.jar
7fca7977b000-7fca7977f000 r--s 00034000 08:01 5917930                    /usr/lib/jvm/java-7-openjdk-amd64/jre/lib/ext/sunjce_provider.jar
7fca7977f000-7fca797a4000 rw-p 00000000 00:00 0 
7fca797a4000-7fca79857000 rw-p 00000000 00:00 0 
7fca79857000-7fca7985a000 ---p 00000000 00:00 0 
7fca7985a000-7fca7995e000 rw-p 00000000 00:00 0                          [stack:11826]
7fca7995e000-7fca79960000 r--s 00012000 08:01 5917929                    /usr/lib/jvm/java-7-openjdk-amd64/jre/lib/ext/zipfs.jar
7fca79960000-7fca79962000 r--s 00006000 08:01 5118243                    /usr/share/java/java-atk-wrapper.jar
7fca79962000-7fca79966000 r--s 0003c000 08:01 5917933                    /usr/lib/jvm/java-7-openjdk-amd64/jre/lib/ext/sunpkcs11.jar
7fca79966000-7fca7996a000 r--s 00085000 08:01 5917932                    /usr/lib/jvm/java-7-openjdk-amd64/jre/lib/ext/localedata.jar
7fca7996a000-7fca7996b000 r--s 00002000 08:01 5917928                    /usr/lib/jvm/java-7-openjdk-amd64/jre/lib/ext/dnsns.jar
7fca7996b000-7fca79973000 rw-s 00000000 08:01 1188961                    /tmp/hsperfdata_raihan/11822
7fca79973000-7fca79974000 rw-p 00000000 00:00 0 
7fca79974000-7fca79975000 ---p 00000000 00:00 0 
7fca79975000-7fca79977000 rw-p 00000000 00:00 0 
7fca79977000-7fca79978000 r--p 00022000 08:01 786636                     /lib/x86_64-linux-gnu/ld-2.19.so
7fca79978000-7fca79979000 rw-p 00023000 08:01 786636                     /lib/x86_64-linux-gnu/ld-2.19.so
7fca79979000-7fca7997a000 rw-p 00000000 00:00 0 
7ffff6188000-7ffff61a9000 rw-p 00000000 00:00 0                          [stack]
7ffff61fe000-7ffff6200000 r-xp 00000000 00:00 0                          [vdso]
ffffffffff600000-ffffffffff601000 r-xp 00000000 00:00 0                  [vsyscall]

VM Arguments:
jvm_args: -Xmx1024M -Dfile.encoding=UTF-8 -Duser.country=US -Duser.language=en -Duser.variant 
java_command: com.android.dx.command.Main --dex --multi-dex --main-dex-list /home/raihan/OpenSrpWorkSpace/opensrp-client/opensrp-mcare/build/intermediates/multi-dex/debug/maindexlist.txt --output /home/raihan/OpenSrpWorkSpace/opensrp-client/opensrp-mcare/build/intermediates/dex/debug /home/raihan/OpenSrpWorkSpace/opensrp-client/opensrp-mcare/build/intermediates/multi-dex/debug/allclasses.jar
Launcher Type: SUN_STANDARD

Environment Variables:
PATH=/usr/local/sbin:/usr/local/bin:/usr/sbin:/usr/bin:/sbin:/bin:/usr/games:/usr/local/games
LD_LIBRARY_PATH=android-studio/bin:
SHELL=/bin/bash
DISPLAY=:0

Signal Handlers:
SIGSEGV: [libjvm.so+0x9548f0], sa_mask[0]=0x7ffbfeff, sa_flags=0x10000004
SIGBUS: [libjvm.so+0x9548f0], sa_mask[0]=0x7ffbfeff, sa_flags=0x10000004
SIGFPE: [libjvm.so+0x7cb0b0], sa_mask[0]=0x7ffbfeff, sa_flags=0x10000004
SIGPIPE: [libjvm.so+0x7cb0b0], sa_mask[0]=0x7ffbfeff, sa_flags=0x10000004
SIGXFSZ: [libjvm.so+0x7cb0b0], sa_mask[0]=0x7ffbfeff, sa_flags=0x10000004
SIGILL: [libjvm.so+0x7cb0b0], sa_mask[0]=0x7ffbfeff, sa_flags=0x10000004
SIGUSR1: SIG_DFL, sa_mask[0]=0x00000000, sa_flags=0x00000000
SIGUSR2: [libjvm.so+0x7caf50], sa_mask[0]=0x00000004, sa_flags=0x10000004
SIGHUP: [libjvm.so+0x7cb130], sa_mask[0]=0x7ffbfeff, sa_flags=0x10000004
SIGINT: [libjvm.so+0x7cb130], sa_mask[0]=0x7ffbfeff, sa_flags=0x10000004
SIGTERM: [libjvm.so+0x7cb130], sa_mask[0]=0x7ffbfeff, sa_flags=0x10000004
SIGQUIT: [libjvm.so+0x7cb130], sa_mask[0]=0x7ffbfeff, sa_flags=0x10000004
SIGTRAP: SIG_DFL, sa_mask[0]=0x00000000, sa_flags=0x00000000


---------------  S Y S T E M  ---------------

OS:Ubuntu 14.04 (trusty)
uname:Linux 3.13.0-24-generic #46-Ubuntu SMP Thu Apr 10 19:11:08 UTC 2014 x86_64
libc:glibc 2.19 NPTL 2.19 
rlimit: STACK 8192k, CORE 0k, NPROC 30570, NOFILE 4096, AS infinity
load average:3.25 1.87 1.16

/proc/meminfo:
MemTotal:        3934516 kB
MemFree:           91336 kB
Buffers:            1448 kB
Cached:           835668 kB
SwapCached:         3060 kB
Active:          2205088 kB
Inactive:         816108 kB
Active(anon):    2190984 kB
Inactive(anon):   799824 kB
Active(file):      14104 kB
Inactive(file):    16284 kB
Unevictable:          84 kB
Mlocked:              84 kB
SwapTotal:       4080636 kB
SwapFree:         133400 kB
Dirty:                 0 kB
Writeback:           280 kB
AnonPages:       2183316 kB
Mapped:           579400 kB
Shmem:            806220 kB
Slab:              85216 kB
SReclaimable:      34160 kB
SUnreclaim:        51056 kB
KernelStack:        6272 kB
PageTables:        74648 kB
NFS_Unstable:          0 kB
Bounce:                0 kB
WritebackTmp:          0 kB
CommitLimit:     6047892 kB
Committed_AS:   14048988 kB
VmallocTotal:   34359738367 kB
VmallocUsed:      553412 kB
VmallocChunk:   34359169172 kB
HardwareCorrupted:     0 kB
AnonHugePages:    108544 kB
HugePages_Total:       0
HugePages_Free:        0
HugePages_Rsvd:        0
HugePages_Surp:        0
Hugepagesize:       2048 kB
DirectMap4k:       77312 kB
DirectMap2M:     2957312 kB
DirectMap1G:     1048576 kB


CPU:total 4 (2 cores per cpu, 2 threads per core) family 6 model 61 stepping 4, cmov, cx8, fxsr, mmx, sse, sse2, sse3, ssse3, sse4.1, sse4.2, popcnt, avx, avx2, aes, erms, ht, tsc, tscinvbit

/proc/cpuinfo:
processor	: 0
vendor_id	: GenuineIntel
cpu family	: 6
model		: 61
model name	: Intel(R) Core(TM) i5-5200U CPU @ 2.20GHz
stepping	: 4
microcode	: 0x1f
cpu MHz		: 2000.000
cache size	: 3072 KB
physical id	: 0
siblings	: 4
core id		: 0
cpu cores	: 2
apicid		: 0
initial apicid	: 0
fpu		: yes
fpu_exception	: yes
cpuid level	: 20
wp		: yes
flags		: fpu vme de pse tsc msr pae mce cx8 apic sep mtrr pge mca cmov pat pse36 clflush dts acpi mmx fxsr sse sse2 ss ht tm pbe syscall nx pdpe1gb rdtscp lm constant_tsc arch_perfmon pebs bts rep_good nopl xtopology nonstop_tsc aperfmperf eagerfpu pni pclmulqdq dtes64 monitor ds_cpl vmx est tm2 ssse3 fma cx16 xtpr pdcm pcid sse4_1 sse4_2 x2apic movbe popcnt tsc_deadline_timer aes xsave avx f16c rdrand lahf_lm abm 3dnowprefetch ida arat epb xsaveopt pln pts dtherm tpr_shadow vnmi flexpriority ept vpid fsgsbase tsc_adjust bmi1 avx2 smep bmi2 erms invpcid rdseed adx smap
bogomips	: 4389.93
clflush size	: 64
cache_alignment	: 64
address sizes	: 39 bits physical, 48 bits virtual
power management:

processor	: 1
vendor_id	: GenuineIntel
cpu family	: 6
model		: 61
model name	: Intel(R) Core(TM) i5-5200U CPU @ 2.20GHz
stepping	: 4
microcode	: 0x1f
cpu MHz		: 600.000
cache size	: 3072 KB
physical id	: 0
siblings	: 4
core id		: 0
cpu cores	: 2
apicid		: 1
initial apicid	: 1
fpu		: yes
fpu_exception	: yes
cpuid level	: 20
wp		: yes
flags		: fpu vme de pse tsc msr pae mce cx8 apic sep mtrr pge mca cmov pat pse36 clflush dts acpi mmx fxsr sse sse2 ss ht tm pbe syscall nx pdpe1gb rdtscp lm constant_tsc arch_perfmon pebs bts rep_good nopl xtopology nonstop_tsc aperfmperf eagerfpu pni pclmulqdq dtes64 monitor ds_cpl vmx est tm2 ssse3 fma cx16 xtpr pdcm pcid sse4_1 sse4_2 x2apic movbe popcnt tsc_deadline_timer aes xsave avx f16c rdrand lahf_lm abm 3dnowprefetch ida arat epb xsaveopt pln pts dtherm tpr_shadow vnmi flexpriority ept vpid fsgsbase tsc_adjust bmi1 avx2 smep bmi2 erms invpcid rdseed adx smap
bogomips	: 4389.93
clflush size	: 64
cache_alignment	: 64
address sizes	: 39 bits physical, 48 bits virtual
power management:

processor	: 2
vendor_id	: GenuineIntel
cpu family	: 6
model		: 61
model name	: Intel(R) Core(TM) i5-5200U CPU @ 2.20GHz
stepping	: 4
microcode	: 0x1f
cpu MHz		: 2100.000
cache size	: 3072 KB
physical id	: 0
siblings	: 4
core id		: 1
cpu cores	: 2
apicid		: 2
initial apicid	: 2
fpu		: yes
fpu_exception	: yes
cpuid level	: 20
wp		: yes
flags		: fpu vme de pse tsc msr pae mce cx8 apic sep mtrr pge mca cmov pat pse36 clflush dts acpi mmx fxsr sse sse2 ss ht tm pbe syscall nx pdpe1gb rdtscp lm constant_tsc arch_perfmon pebs bts rep_good nopl xtopology nonstop_tsc aperfmperf eagerfpu pni pclmulqdq dtes64 monitor ds_cpl vmx est tm2 ssse3 fma cx16 xtpr pdcm pcid sse4_1 sse4_2 x2apic movbe popcnt tsc_deadline_timer aes xsave avx f16c rdrand lahf_lm abm 3dnowprefetch ida arat epb xsaveopt pln pts dtherm tpr_shadow vnmi flexpriority ept vpid fsgsbase tsc_adjust bmi1 avx2 smep bmi2 erms invpcid rdseed adx smap
bogomips	: 4389.93
clflush size	: 64
cache_alignment	: 64
address sizes	: 39 bits physical, 48 bits virtual
power management:

processor	: 3
vendor_id	: GenuineIntel
cpu family	: 6
model		: 61
model name	: Intel(R) Core(TM) i5-5200U CPU @ 2.20GHz
stepping	: 4
microcode	: 0x1f
cpu MHz		: 2201.000
cache size	: 3072 KB
physical id	: 0
siblings	: 4
core id		: 1
cpu cores	: 2
apicid		: 3
initial apicid	: 3
fpu		: yes
fpu_exception	: yes
cpuid level	: 20
wp		: yes
flags		: fpu vme de pse tsc msr pae mce cx8 apic sep mtrr pge mca cmov pat pse36 clflush dts acpi mmx fxsr sse sse2 ss ht tm pbe syscall nx pdpe1gb rdtscp lm constant_tsc arch_perfmon pebs bts rep_good nopl xtopology nonstop_tsc aperfmperf eagerfpu pni pclmulqdq dtes64 monitor ds_cpl vmx est tm2 ssse3 fma cx16 xtpr pdcm pcid sse4_1 sse4_2 x2apic movbe popcnt tsc_deadline_timer aes xsave avx f16c rdrand lahf_lm abm 3dnowprefetch ida arat epb xsaveopt pln pts dtherm tpr_shadow vnmi flexpriority ept vpid fsgsbase tsc_adjust bmi1 avx2 smep bmi2 erms invpcid rdseed adx smap
bogomips	: 4389.93
clflush size	: 64
cache_alignment	: 64
address sizes	: 39 bits physical, 48 bits virtual
power management:



Memory: 4k page, physical 3934516k(91460k free), swap 4080636k(133288k free)

vm_info: OpenJDK 64-Bit Server VM (24.95-b01) for linux-amd64 JRE (1.7.0_95-b00), built on Mar 24 2016 06:13:32 by "buildd" with gcc 4.8.2

time: Sun Apr 24 15:55:12 2016
elapsed time: 6 seconds

